2022-11-21 10:11:37.316  INFO 31628 --- [restartedMain] d.p.b.BookDraftingCenterApplication      : Starting BookDraftingCenterApplication using Java 17.0.4.1 on LAPTOP-25TAU1TV with PID 31628 (E:\revatureWork\projects\playGround\bookDraftingApp\bookDraftingCenter\build\classes\java\main started by anime in E:\revatureWork\projects\playGround\bookDraftingApp\bookDraftingCenter)
2022-11-21 10:11:37.326  INFO 31628 --- [restartedMain] d.p.b.BookDraftingCenterApplication      : No active profile set, falling back to 1 default profile: "default"
2022-11-21 10:11:37.398  INFO 31628 --- [restartedMain] .e.DevToolsPropertyDefaultsPostProcessor : Devtools property defaults active! Set 'spring.devtools.add-properties' to 'false' to disable
2022-11-21 10:11:37.400  INFO 31628 --- [restartedMain] .e.DevToolsPropertyDefaultsPostProcessor : For additional web related logging consider setting the 'logging.level.web' property to 'DEBUG'
2022-11-21 10:11:37.985  INFO 31628 --- [restartedMain] .s.d.r.c.RepositoryConfigurationDelegate : Bootstrapping Spring Data JPA repositories in DEFAULT mode.
2022-11-21 10:11:38.044  INFO 31628 --- [restartedMain] .s.d.r.c.RepositoryConfigurationDelegate : Finished Spring Data repository scanning in 50 ms. Found 2 JPA repository interfaces.
2022-11-21 10:11:38.753  INFO 31628 --- [restartedMain] o.s.b.w.embedded.tomcat.TomcatWebServer  : Tomcat initialized with port(s): 5001 (http)
2022-11-21 10:11:38.764  INFO 31628 --- [restartedMain] o.apache.catalina.core.StandardService   : Starting service [Tomcat]
2022-11-21 10:11:38.764  INFO 31628 --- [restartedMain] org.apache.catalina.core.StandardEngine  : Starting Servlet engine: [Apache Tomcat/9.0.68]
2022-11-21 10:11:38.878  INFO 31628 --- [restartedMain] o.a.c.c.C.[Tomcat].[localhost].[/api]    : Initializing Spring embedded WebApplicationContext
2022-11-21 10:11:38.879  INFO 31628 --- [restartedMain] w.s.c.ServletWebServerApplicationContext : Root WebApplicationContext: initialization completed in 1478 ms
2022-11-21 10:11:39.102  INFO 31628 --- [restartedMain] o.hibernate.jpa.internal.util.LogHelper  : HHH000204: Processing PersistenceUnitInfo [name: default]
2022-11-21 10:11:39.174  INFO 31628 --- [restartedMain] org.hibernate.Version                    : HHH000412: Hibernate ORM core version 5.6.12.Final
2022-11-21 10:11:39.343  INFO 31628 --- [restartedMain] o.hibernate.annotations.common.Version   : HCANN000001: Hibernate Commons Annotations {5.1.2.Final}
2022-11-21 10:11:39.446  INFO 31628 --- [restartedMain] com.zaxxer.hikari.HikariDataSource       : HikariPool-1 - Starting...
2022-11-21 10:11:40.354  INFO 31628 --- [restartedMain] com.zaxxer.hikari.HikariDataSource       : HikariPool-1 - Start completed.
2022-11-21 10:11:40.371  INFO 31628 --- [restartedMain] org.hibernate.dialect.Dialect            : HHH000400: Using dialect: org.hibernate.dialect.PostgreSQLDialect
2022-11-21 10:11:41.760  INFO 31628 --- [restartedMain] o.h.e.t.j.p.i.JtaPlatformInitiator       : HHH000490: Using JtaPlatform implementation: [org.hibernate.engine.transaction.jta.platform.internal.NoJtaPlatform]
2022-11-21 10:11:41.769  INFO 31628 --- [restartedMain] j.LocalContainerEntityManagerFactoryBean : Initialized JPA EntityManagerFactory for persistence unit 'default'
2022-11-21 10:11:42.219  WARN 31628 --- [restartedMain] JpaBaseConfiguration$JpaWebConfiguration : spring.jpa.open-in-view is enabled by default. Therefore, database queries may be performed during view rendering. Explicitly configure spring.jpa.open-in-view to disable this warning
2022-11-21 10:11:42.524  INFO 31628 --- [restartedMain] o.s.b.d.a.OptionalLiveReloadServer       : LiveReload server is running on port 35729
2022-11-21 10:11:42.565  INFO 31628 --- [restartedMain] o.s.b.w.embedded.tomcat.TomcatWebServer  : Tomcat started on port(s): 5001 (http) with context path '/api'
2022-11-21 10:11:42.575  INFO 31628 --- [restartedMain] d.p.b.BookDraftingCenterApplication      : Started BookDraftingCenterApplication in 5.608 seconds (JVM running for 11.659)
2022-11-21 10:11:59.408  INFO 31628 --- [http-nio-5001-exec-1] o.a.c.c.C.[Tomcat].[localhost].[/api]    : Initializing Spring DispatcherServlet 'dispatcherServlet'
2022-11-21 10:11:59.410  INFO 31628 --- [http-nio-5001-exec-1] o.s.web.servlet.DispatcherServlet        : Initializing Servlet 'dispatcherServlet'
2022-11-21 10:11:59.411  INFO 31628 --- [http-nio-5001-exec-1] o.s.web.servlet.DispatcherServlet        : Completed initialization in 1 ms
2022-11-21 10:14:14.088  INFO 31628 --- [http-nio-5001-exec-5] d.p.b.services.CharacterService          : added a new character jhon Smith  
2022-11-21 10:15:07.134  INFO 31628 --- [http-nio-5001-exec-7] d.p.b.services.CharacterService          : added a new character jhon Smith 3  
2022-11-21 10:16:21.241  INFO 31628 --- [http-nio-5001-exec-2] d.p.b.services.CharacterService          : added a new character jhon Smith 34  
